Using pre-set license
Built from '2020.2/staging' branch; Version is '2020.2.0b7 (1b1252580c64) revision 1774162'; Using compiler version '192528614'; Build Type 'Release'
OS: 'Windows 10  (10.0.0) 64bit' Language: 'en' Physical Memory: 8066 MB
BatchMode: 1, IsHumanControllingUs: 0, StartBugReporterOnCrash: 0, Is64bit: 1, IsPro: 0

 COMMAND LINE ARGUMENTS:
C:\Program Files\Unity\Hub\Editor\2020.2.0b7\Editor\Unity.exe
-adb2
-batchMode
-noUpm
-name
AssetImportWorker0
-projectPath
C:/Users/Matt/Documents/Unity/G00342591GestureProject
-logFile
Logs/AssetImportWorker0.log
-srvPort
63704
Successfully changed project path to: C:/Users/Matt/Documents/Unity/G00342591GestureProject
C:/Users/Matt/Documents/Unity/G00342591GestureProject
Using Asset Import Pipeline V2.
Refreshing native plugins compatible for Editor in 57.20 ms, found 1 plugins.
Preloading 0 native plugins for Editor in 0.00 ms.
Initialize engine version: 2020.2.0b7 (1b1252580c64)
[Subsystems] Discovering subsystems at path C:/Program Files/Unity/Hub/Editor/2020.2.0b7/Editor/Data/Resources/UnitySubsystems
[Subsystems] Discovering subsystems at path C:/Users/Matt/Documents/Unity/G00342591GestureProject/Assets
GfxDevice: creating device client; threaded=0
Direct3D:
    Version:  Direct3D 11.0 [level 11.1]
    Renderer: Intel(R) UHD Graphics 620 (ID=0x5917)
    Vendor:   
    VRAM:     4033 MB
    Driver:   23.20.16.4905
Initialize mono
Mono path[0] = 'C:/Program Files/Unity/Hub/Editor/2020.2.0b7/Editor/Data/Managed'
Mono path[1] = 'C:/Program Files/Unity/Hub/Editor/2020.2.0b7/Editor/Data/MonoBleedingEdge/lib/mono/unityjit'
Mono config path = 'C:/Program Files/Unity/Hub/Editor/2020.2.0b7/Editor/Data/MonoBleedingEdge/etc'
Using monoOptions --debugger-agent=transport=dt_socket,embedding=1,server=y,suspend=n,address=127.0.0.1:56472
Begin MonoManager ReloadAssembly
Registering precompiled unity dll's ...
Register platform support module: C:/Program Files/Unity/Hub/Editor/2020.2.0b7/Editor/Data/PlaybackEngines/WindowsStandaloneSupport/UnityEditor.WindowsStandalone.Extensions.dll
Registered in 0.002848 seconds.
Native extension for WindowsStandalone target not found
Refreshing native plugins compatible for Editor in 39.61 ms, found 1 plugins.
Preloading 0 native plugins for Editor in 0.00 ms.
Invoked RoslynAnalysisRunner static constructor.
RoslynAnalysisRunner will not be running.
RoslynAnalysisRunner has terminated.
Mono: successfully reloaded assembly
- Completed reload, in  1.548 seconds
Platform modules already initialized, skipping
Registering precompiled user dll's ...
Registered in 0.003556 seconds.
Begin MonoManager ReloadAssembly
Symbol file LoadedFromMemory doesn't match image C:\Users\Matt\Documents\Unity\G00342591GestureProject\Library\PackageCache\com.unity.ext.nunit@1.0.0\net35\unity-custom\nunit.framework.dll
Native extension for WindowsStandalone target not found
Refreshing native plugins compatible for Editor in 40.94 ms, found 1 plugins.
Preloading 0 native plugins for Editor in 0.00 ms.
Invoked RoslynAnalysisRunner static constructor.
RoslynAnalysisRunner will not be running.
RoslynAnalysisRunner has terminated.
Mono: successfully reloaded assembly
- Completed reload, in  1.144 seconds
Platform modules already initialized, skipping
========================================================================
Worker process is ready to serve import requests
Launched and connected shader compiler UnityShaderCompiler.exe after 0.06 seconds
Refreshing native plugins compatible for Editor in 0.39 ms, found 1 plugins.
Preloading 0 native plugins for Editor in 0.00 ms.
Unloading 1794 Unused Serialized files (Serialized files now loaded: 0)
System memory in use before: 85.6 MB.
System memory in use after: 85.6 MB.

Unloading 24 unused Assets to reduce memory usage. Loaded Objects now: 2235.
Total: 3.401000 ms (FindLiveObjects: 0.838600 ms CreateObjectMapping: 0.194100 ms MarkObjects: 2.245300 ms  DeleteObjects: 0.120800 ms)

========================================================================
Received Import Request.
  path: Assets/TileSheet/TileSheet_31.asset
  artifactKey: Guid(37f0914f86feb774f9291fdab7c212cb) Importer(815301076,1909f56bfc062723c751e8b465ee728b)
Start importing Assets/TileSheet/TileSheet_31.asset using Guid(37f0914f86feb774f9291fdab7c212cb) Importer(815301076,1909f56bfc062723c751e8b465ee728b)  -> (artifact id: '8dd40bbaf8ff4c97f5fdd85744064d37') in 0.204388 seconds
  Import took 0.213724 seconds .

========================================================================
Received Import Request.
  Time since last request: 0.000736 seconds.
  path: Assets/TileSheet/TileSheet_32.asset
  artifactKey: Guid(716e8566e472bb54f9c3912e7ac6d32e) Importer(815301076,1909f56bfc062723c751e8b465ee728b)
Start importing Assets/TileSheet/TileSheet_32.asset using Guid(716e8566e472bb54f9c3912e7ac6d32e) Importer(815301076,1909f56bfc062723c751e8b465ee728b)  -> (artifact id: 'f201d827fc91bc5b19b461b192291567') in 0.026235 seconds
  Import took 0.031580 seconds .

========================================================================
Received Import Request.
  Time since last request: 0.000849 seconds.
  path: Assets/TileSheet/TileSheet_28.asset
  artifactKey: Guid(f51ff99f5de58534c8c07dbe137a6e29) Importer(815301076,1909f56bfc062723c751e8b465ee728b)
Start importing Assets/TileSheet/TileSheet_28.asset using Guid(f51ff99f5de58534c8c07dbe137a6e29) Importer(815301076,1909f56bfc062723c751e8b465ee728b)  -> (artifact id: 'e7d4b1fb2e9526e46b1e38cddb49fa8f') in 0.025438 seconds
  Import took 0.030907 seconds .

========================================================================
Received Import Request.
  Time since last request: 0.000250 seconds.
  path: Assets/TileSheet/TileSheet_27.asset
  artifactKey: Guid(70149c0c06c09454bae71f39297727bd) Importer(815301076,1909f56bfc062723c751e8b465ee728b)
Start importing Assets/TileSheet/TileSheet_27.asset using Guid(70149c0c06c09454bae71f39297727bd) Importer(815301076,1909f56bfc062723c751e8b465ee728b)  -> (artifact id: '82b9323b8e0d60b0fbbb8b4439425a38') in 0.025979 seconds
  Import took 0.032087 seconds .

========================================================================
Received Import Request.
  Time since last request: 0.000305 seconds.
  path: Assets/TileSheet/TileSheet_30.asset
  artifactKey: Guid(e7a8376f853af0243bad67f16c7f8865) Importer(815301076,1909f56bfc062723c751e8b465ee728b)
Start importing Assets/TileSheet/TileSheet_30.asset using Guid(e7a8376f853af0243bad67f16c7f8865) Importer(815301076,1909f56bfc062723c751e8b465ee728b)  -> (artifact id: '42263ebba881be891f2291e992c54f9e') in 0.022697 seconds
  Import took 0.029097 seconds .

========================================================================
Received Import Request.
  Time since last request: 0.000377 seconds.
  path: Assets/TileSheet/TileSheet_23.asset
  artifactKey: Guid(95182a47ca4dffc42b646dbd3e88e4ed) Importer(815301076,1909f56bfc062723c751e8b465ee728b)
Start importing Assets/TileSheet/TileSheet_23.asset using Guid(95182a47ca4dffc42b646dbd3e88e4ed) Importer(815301076,1909f56bfc062723c751e8b465ee728b)  -> (artifact id: '63bd50810c8951caffd4a803f996b807') in 0.023465 seconds
  Import took 0.030207 seconds .

========================================================================
Received Import Request.
  Time since last request: 0.000332 seconds.
  path: Assets/TileSheet/TileSheet_26.asset
  artifactKey: Guid(13574e4cbc481f843b9816a062b3cfbf) Importer(815301076,1909f56bfc062723c751e8b465ee728b)
Start importing Assets/TileSheet/TileSheet_26.asset using Guid(13574e4cbc481f843b9816a062b3cfbf) Importer(815301076,1909f56bfc062723c751e8b465ee728b)  -> (artifact id: '2547905f80609c69ae15da373e0682b6') in 0.022930 seconds
  Import took 0.028888 seconds .

========================================================================
Received Import Request.
  Time since last request: 0.000292 seconds.
  path: Assets/TileSheet/TileSheet_29.asset
  artifactKey: Guid(f6c693bf65bfc314484ce847368df2ca) Importer(815301076,1909f56bfc062723c751e8b465ee728b)
Start importing Assets/TileSheet/TileSheet_29.asset using Guid(f6c693bf65bfc314484ce847368df2ca) Importer(815301076,1909f56bfc062723c751e8b465ee728b)  -> (artifact id: '0e393e6db8c5df5d2ee9ec5a4406a099') in 0.020209 seconds
  Import took 0.029409 seconds .

========================================================================
Received Import Request.
  Time since last request: 0.000247 seconds.
  path: Assets/TileSheet/TileSheet_26.asset
  artifactKey: Guid(13574e4cbc481f843b9816a062b3cfbf) Importer(815301076,1909f56bfc062723c751e8b465ee728b)
Start importing Assets/TileSheet/TileSheet_26.asset using Guid(13574e4cbc481f843b9816a062b3cfbf) Importer(815301076,1909f56bfc062723c751e8b465ee728b)  -> (artifact id: '2547905f80609c69ae15da373e0682b6') in 0.013763 seconds
  Import took 0.018020 seconds .

========================================================================
Received Import Request.
  Time since last request: 0.000284 seconds.
  path: Assets/TileSheet/TileSheet_34.asset
  artifactKey: Guid(c4e67c690d3433e488915b3bebf0a3a7) Importer(815301076,1909f56bfc062723c751e8b465ee728b)
Start importing Assets/TileSheet/TileSheet_34.asset using Guid(c4e67c690d3433e488915b3bebf0a3a7) Importer(815301076,1909f56bfc062723c751e8b465ee728b)  -> (artifact id: 'd8c9d59126c28c18137903fc20be14ef') in 0.024603 seconds
  Import took 0.031816 seconds .

========================================================================
Received Import Request.
  Time since last request: 0.000302 seconds.
  path: Assets/TileSheet/TileSheet_25.asset
  artifactKey: Guid(b2038add2c39b61498994d3581a6d7f0) Importer(815301076,1909f56bfc062723c751e8b465ee728b)
Start importing Assets/TileSheet/TileSheet_25.asset using Guid(b2038add2c39b61498994d3581a6d7f0) Importer(815301076,1909f56bfc062723c751e8b465ee728b)  -> (artifact id: 'af5bbceddad499f17c86051409c25a7a') in 0.023341 seconds
  Import took 0.029759 seconds .

========================================================================
Received Import Request.
  Time since last request: 0.000361 seconds.
  path: Assets/TileSheet/TileSheet_33.asset
  artifactKey: Guid(be5f45a8f32f702469a600f58e939c21) Importer(815301076,1909f56bfc062723c751e8b465ee728b)
Start importing Assets/TileSheet/TileSheet_33.asset using Guid(be5f45a8f32f702469a600f58e939c21) Importer(815301076,1909f56bfc062723c751e8b465ee728b)  -> (artifact id: '9844d93dc03a27cd34a0757cb24bb37a') in 0.030771 seconds
  Import took 0.036931 seconds .

========================================================================
Received Import Request.
  Time since last request: 0.000277 seconds.
  path: Assets/TileSheet/TileSheet_24.asset
  artifactKey: Guid(8df936dfb54178740bb447d9076d97fb) Importer(815301076,1909f56bfc062723c751e8b465ee728b)
Start importing Assets/TileSheet/TileSheet_24.asset using Guid(8df936dfb54178740bb447d9076d97fb) Importer(815301076,1909f56bfc062723c751e8b465ee728b)  -> (artifact id: 'e744b1fa6143b81fb97d141319a1b006') in 0.026432 seconds
  Import took 0.032450 seconds .

========================================================================
Received Import Request.
  Time since last request: 34911.786262 seconds.
  path: Assets/Prefabs 1
  artifactKey: Guid(8af8e3ea6bebd374ca902c8d2cc12069) Importer(815301076,1909f56bfc062723c751e8b465ee728b)
Start importing Assets/Prefabs 1 using Guid(8af8e3ea6bebd374ca902c8d2cc12069) Importer(815301076,1909f56bfc062723c751e8b465ee728b)  -> (artifact id: '4ed81e4f2a1d89158bb067ec426e7ea6') in 0.025053 seconds
  Import took 0.038437 seconds .

========================================================================
Received Import Request.
  Time since last request: 0.000407 seconds.
  path: Assets/GameScene.unity
  artifactKey: Guid(456c258ec402f3c4f974ee790f77aedf) Importer(815301076,1909f56bfc062723c751e8b465ee728b)
Start importing Assets/GameScene.unity using Guid(456c258ec402f3c4f974ee790f77aedf) Importer(815301076,1909f56bfc062723c751e8b465ee728b)  -> (artifact id: 'f170b665a3945d2c5997b7dcba792374') in 0.030663 seconds
  Import took 0.035840 seconds .

========================================================================
Received Import Request.
  Time since last request: 1.660026 seconds.
  path: Assets/Prefabs 1/DeathParticle.prefab
  artifactKey: Guid(129d3579189277f489064e7fa80b3dac) Importer(815301076,1909f56bfc062723c751e8b465ee728b)
Start importing Assets/Prefabs 1/DeathParticle.prefab using Guid(129d3579189277f489064e7fa80b3dac) Importer(815301076,1909f56bfc062723c751e8b465ee728b)  -> (artifact id: '8dbf597e723db41feb3f11860bc34cec') in 0.056488 seconds
  Import took 0.061047 seconds .

========================================================================
Received Import Request.
  Time since last request: 0.000475 seconds.
  path: Assets/Prefabs 1/Tutorial.prefab
  artifactKey: Guid(492c8ebfe3da0de4dae3c5635b6296eb) Importer(815301076,1909f56bfc062723c751e8b465ee728b)
Start importing Assets/Prefabs 1/Tutorial.prefab using Guid(492c8ebfe3da0de4dae3c5635b6296eb) Importer(815301076,1909f56bfc062723c751e8b465ee728b)  -> (artifact id: '96cf0265d1fc692021c3abb421c58195') in 0.040453 seconds
  Import took 0.045652 seconds .

========================================================================
Received Import Request.
  Time since last request: 0.000422 seconds.
  path: Assets/Prefabs 1/DeathZone.prefab
  artifactKey: Guid(30abfa5ba1ce7b94eb64e4b7c621bfba) Importer(815301076,1909f56bfc062723c751e8b465ee728b)
Start importing Assets/Prefabs 1/DeathZone.prefab using Guid(30abfa5ba1ce7b94eb64e4b7c621bfba) Importer(815301076,1909f56bfc062723c751e8b465ee728b)  -> (artifact id: '9948674001c250fba3b02b3fefaacc01') in 0.006186 seconds
  Import took 0.011233 seconds .

========================================================================
Received Import Request.
  Time since last request: 0.000450 seconds.
  path: Assets/Prefabs 1/Mario.prefab
  artifactKey: Guid(0ab03e077e54d2e4a8a27810b084ad4c) Importer(815301076,1909f56bfc062723c751e8b465ee728b)
Start importing Assets/Prefabs 1/Mario.prefab using Guid(0ab03e077e54d2e4a8a27810b084ad4c) Importer(815301076,1909f56bfc062723c751e8b465ee728b)  -> (artifact id: '24f200ec41421d06baa0818c5444e9e5') in 0.094186 seconds
  Import took 0.099359 seconds .

========================================================================
Received Import Request.
  Time since last request: 0.000363 seconds.
  path: Assets/Prefabs 1/Heart.png
  artifactKey: Guid(fdcc38a2749f88a4db91adddb90c2bf3) Importer(815301076,1909f56bfc062723c751e8b465ee728b)
Start importing Assets/Prefabs 1/Heart.png using Guid(fdcc38a2749f88a4db91adddb90c2bf3) Importer(815301076,1909f56bfc062723c751e8b465ee728b)  -> (artifact id: '8ad60a9d2a7229d58cb9496f5624089f') in 0.051134 seconds
  Import took 0.055342 seconds .

========================================================================
Received Import Request.
  Time since last request: 0.000344 seconds.
  path: Assets/Prefabs 1/Pause.prefab
  artifactKey: Guid(a5b2b1fda93ea584caa18f9cb6535b6e) Importer(815301076,1909f56bfc062723c751e8b465ee728b)
Start importing Assets/Prefabs 1/Pause.prefab using Guid(a5b2b1fda93ea584caa18f9cb6535b6e) Importer(815301076,1909f56bfc062723c751e8b465ee728b)  -> (artifact id: '667e9a4eb2b6b5be6bc6dcde2f385100') in 0.006010 seconds
  Import took 0.010096 seconds .

========================================================================
Received Import Request.
  Time since last request: 0.000296 seconds.
  path: Assets/Prefabs 1/Enemy.prefab
  artifactKey: Guid(164a2240afa432b4b83b4465d2c1c2e9) Importer(815301076,1909f56bfc062723c751e8b465ee728b)
Start importing Assets/Prefabs 1/Enemy.prefab using Guid(164a2240afa432b4b83b4465d2c1c2e9) Importer(815301076,1909f56bfc062723c751e8b465ee728b)  -> (artifact id: '5e117fd21deeaa0d0f00ad0656be8127') in 0.021483 seconds
  Import took 0.028396 seconds .

========================================================================
Received Import Request.
  Time since last request: 21.483134 seconds.
  path: Assets/Scenes/MainGame.unity
  artifactKey: Guid(54df552839c63d14fbddc1ebb4fc85bd) Importer(815301076,1909f56bfc062723c751e8b465ee728b)
Start importing Assets/Scenes/MainGame.unity using Guid(54df552839c63d14fbddc1ebb4fc85bd) Importer(815301076,1909f56bfc062723c751e8b465ee728b)  -> (artifact id: 'c1467eecdcb603f821c6ed984dcf5474') in 0.011303 seconds
  Import took 0.015865 seconds .

========================================================================
Received Import Request.
  Time since last request: 30.135619 seconds.
  path: Assets/Scenes/Game Scene.unity
  artifactKey: Guid(54df552839c63d14fbddc1ebb4fc85bd) Importer(815301076,1909f56bfc062723c751e8b465ee728b)
Start importing Assets/Scenes/Game Scene.unity using Guid(54df552839c63d14fbddc1ebb4fc85bd) Importer(815301076,1909f56bfc062723c751e8b465ee728b)  -> (artifact id: 'cacb1095f64a69361faedae66ead10ef') in 0.024020 seconds
  Import took 0.033885 seconds .

========================================================================
Received Import Request.
  Time since last request: 2179.928427 seconds.
  path: Assets/Scripts/Background Scrip/BackgroundRepeater.cs
  artifactKey: Guid(8b0109fa36f26894fbba96706e6f3779) Importer(815301076,1909f56bfc062723c751e8b465ee728b)
Start importing Assets/Scripts/Background Scrip/BackgroundRepeater.cs using Guid(8b0109fa36f26894fbba96706e6f3779) Importer(815301076,1909f56bfc062723c751e8b465ee728b)  -> (artifact id: 'a61ce1b7e5c1d80d7825fc2578641858') in 0.036131 seconds
  Import took 0.049126 seconds .

========================================================================
Received Prepare
Reloading mono domain
Begin MonoManager ReloadAssembly
Registering precompiled unity dll's ...
Register platform support module: C:/Program Files/Unity/Hub/Editor/2020.2.0b7/Editor/Data/PlaybackEngines/WindowsStandaloneSupport/UnityEditor.WindowsStandalone.Extensions.dll
Registered in 0.002134 seconds.
Symbol file LoadedFromMemory doesn't match image C:\Users\Matt\Documents\Unity\G00342591GestureProject\Library\PackageCache\com.unity.ext.nunit@1.0.0\net35\unity-custom\nunit.framework.dll
Native extension for WindowsStandalone target not found
Refreshing native plugins compatible for Editor in 48.86 ms, found 1 plugins.
Preloading 0 native plugins for Editor in 0.00 ms.
Invoked RoslynAnalysisRunner static constructor.
RoslynAnalysisRunner will not be running.
RoslynAnalysisRunner has terminated.
Mono: successfully reloaded assembly
- Completed reload, in  1.283 seconds
Platform modules already initialized, skipping
Registering precompiled user dll's ...
Registered in 0.001290 seconds.
Begin MonoManager ReloadAssembly
Symbol file LoadedFromMemory doesn't match image C:\Users\Matt\Documents\Unity\G00342591GestureProject\Library\PackageCache\com.unity.ext.nunit@1.0.0\net35\unity-custom\nunit.framework.dll
Native extension for WindowsStandalone target not found
Refreshing native plugins compatible for Editor in 0.63 ms, found 1 plugins.
Preloading 0 native plugins for Editor in 0.00 ms.
Invoked RoslynAnalysisRunner static constructor.
RoslynAnalysisRunner will not be running.
RoslynAnalysisRunner has terminated.
Mono: successfully reloaded assembly
- Completed reload, in  1.020 seconds
Platform modules already initialized, skipping
Refreshing native plugins compatible for Editor in 0.37 ms, found 1 plugins.
Preloading 0 native plugins for Editor in 0.00 ms.
Unloading 13 Unused Serialized files (Serialized files now loaded: 0)
System memory in use before: 53.9 MB.
System memory in use after: 53.9 MB.

Unloading 14 unused Assets to reduce memory usage. Loaded Objects now: 2255.
Total: 3.223900 ms (FindLiveObjects: 0.573500 ms CreateObjectMapping: 0.119200 ms MarkObjects: 2.418900 ms  DeleteObjects: 0.109800 ms)

========================================================================
Received Prepare
Reloading mono domain
Begin MonoManager ReloadAssembly
Registering precompiled unity dll's ...
Register platform support module: C:/Program Files/Unity/Hub/Editor/2020.2.0b7/Editor/Data/PlaybackEngines/WindowsStandaloneSupport/UnityEditor.WindowsStandalone.Extensions.dll
Registered in 0.004215 seconds.
Symbol file LoadedFromMemory doesn't match image C:\Users\Matt\Documents\Unity\G00342591GestureProject\Library\PackageCache\com.unity.ext.nunit@1.0.0\net35\unity-custom\nunit.framework.dll
Native extension for WindowsStandalone target not found
Refreshing native plugins compatible for Editor in 69.01 ms, found 1 plugins.
Preloading 0 native plugins for Editor in 0.00 ms.
Invoked RoslynAnalysisRunner static constructor.
RoslynAnalysisRunner will not be running.
RoslynAnalysisRunner has terminated.
Mono: successfully reloaded assembly
- Completed reload, in  1.666 seconds
Platform modules already initialized, skipping
Registering precompiled user dll's ...
Registered in 0.001675 seconds.
Begin MonoManager ReloadAssembly
Symbol file LoadedFromMemory doesn't match image C:\Users\Matt\Documents\Unity\G00342591GestureProject\Library\PackageCache\com.unity.ext.nunit@1.0.0\net35\unity-custom\nunit.framework.dll
Native extension for WindowsStandalone target not found
Refreshing native plugins compatible for Editor in 1.15 ms, found 1 plugins.
Preloading 0 native plugins for Editor in 0.00 ms.
Invoked RoslynAnalysisRunner static constructor.
RoslynAnalysisRunner will not be running.
RoslynAnalysisRunner has terminated.
Mono: successfully reloaded assembly
- Completed reload, in  1.388 seconds
Platform modules already initialized, skipping
Refreshing native plugins compatible for Editor in 0.44 ms, found 1 plugins.
Preloading 0 native plugins for Editor in 0.00 ms.
Unloading 13 Unused Serialized files (Serialized files now loaded: 0)
System memory in use before: 54.0 MB.
System memory in use after: 54.0 MB.

Unloading 12 unused Assets to reduce memory usage. Loaded Objects now: 2260.
Total: 3.029600 ms (FindLiveObjects: 0.546200 ms CreateObjectMapping: 0.159400 ms MarkObjects: 2.202000 ms  DeleteObjects: 0.120100 ms)

========================================================================
Received Prepare
Reloading mono domain
Begin MonoManager ReloadAssembly
Registering precompiled unity dll's ...
Register platform support module: C:/Program Files/Unity/Hub/Editor/2020.2.0b7/Editor/Data/PlaybackEngines/WindowsStandaloneSupport/UnityEditor.WindowsStandalone.Extensions.dll
Registered in 0.002889 seconds.
Symbol file LoadedFromMemory doesn't match image C:\Users\Matt\Documents\Unity\G00342591GestureProject\Library\PackageCache\com.unity.ext.nunit@1.0.0\net35\unity-custom\nunit.framework.dll
Native extension for WindowsStandalone target not found
Refreshing native plugins compatible for Editor in 60.82 ms, found 1 plugins.
Preloading 0 native plugins for Editor in 0.00 ms.
Invoked RoslynAnalysisRunner static constructor.
RoslynAnalysisRunner will not be running.
RoslynAnalysisRunner has terminated.
Mono: successfully reloaded assembly
- Completed reload, in  1.614 seconds
Platform modules already initialized, skipping
Registering precompiled user dll's ...
Registered in 0.001893 seconds.
Begin MonoManager ReloadAssembly
Symbol file LoadedFromMemory doesn't match image C:\Users\Matt\Documents\Unity\G00342591GestureProject\Library\PackageCache\com.unity.ext.nunit@1.0.0\net35\unity-custom\nunit.framework.dll
Native extension for WindowsStandalone target not found
Refreshing native plugins compatible for Editor in 0.60 ms, found 1 plugins.
Preloading 0 native plugins for Editor in 0.00 ms.
Invoked RoslynAnalysisRunner static constructor.
RoslynAnalysisRunner will not be running.
RoslynAnalysisRunner has terminated.
Mono: successfully reloaded assembly
- Completed reload, in  1.336 seconds
Platform modules already initialized, skipping
Refreshing native plugins compatible for Editor in 0.43 ms, found 1 plugins.
Preloading 0 native plugins for Editor in 0.00 ms.
Unloading 13 Unused Serialized files (Serialized files now loaded: 0)
System memory in use before: 54.1 MB.
System memory in use after: 54.1 MB.

Unloading 12 unused Assets to reduce memory usage. Loaded Objects now: 2265.
Total: 3.224700 ms (FindLiveObjects: 0.493500 ms CreateObjectMapping: 0.106100 ms MarkObjects: 2.498900 ms  DeleteObjects: 0.123900 ms)

========================================================================
Received Import Request.
  Time since last request: 207.751288 seconds.
  path: Assets/Scripts/Background Scrip/BackgroundRepeater.cs
  artifactKey: Guid(8b0109fa36f26894fbba96706e6f3779) Importer(815301076,1909f56bfc062723c751e8b465ee728b)
Start importing Assets/Scripts/Background Scrip/BackgroundRepeater.cs using Guid(8b0109fa36f26894fbba96706e6f3779) Importer(815301076,1909f56bfc062723c751e8b465ee728b)  -> (artifact id: '263b567217ff15a535611c9f8e5c3eff') in 0.005585 seconds
  Import took 0.010829 seconds .

========================================================================
Received Prepare
Reloading mono domain
Begin MonoManager ReloadAssembly
Registering precompiled unity dll's ...
Register platform support module: C:/Program Files/Unity/Hub/Editor/2020.2.0b7/Editor/Data/PlaybackEngines/WindowsStandaloneSupport/UnityEditor.WindowsStandalone.Extensions.dll
Registered in 0.002605 seconds.
Symbol file LoadedFromMemory doesn't match image C:\Users\Matt\Documents\Unity\G00342591GestureProject\Library\PackageCache\com.unity.ext.nunit@1.0.0\net35\unity-custom\nunit.framework.dll
Native extension for WindowsStandalone target not found
Refreshing native plugins compatible for Editor in 55.16 ms, found 1 plugins.
Preloading 0 native plugins for Editor in 0.00 ms.
Invoked RoslynAnalysisRunner static constructor.
RoslynAnalysisRunner will not be running.
RoslynAnalysisRunner has terminated.
Mono: successfully reloaded assembly
- Completed reload, in  1.556 seconds
Platform modules already initialized, skipping
Registering precompiled user dll's ...
Registered in 0.001334 seconds.
Begin MonoManager ReloadAssembly
Symbol file LoadedFromMemory doesn't match image C:\Users\Matt\Documents\Unity\G00342591GestureProject\Library\PackageCache\com.unity.ext.nunit@1.0.0\net35\unity-custom\nunit.framework.dll
Native extension for WindowsStandalone target not found
Refreshing native plugins compatible for Editor in 0.42 ms, found 1 plugins.
Preloading 0 native plugins for Editor in 0.00 ms.
Invoked RoslynAnalysisRunner static constructor.
RoslynAnalysisRunner will not be running.
RoslynAnalysisRunner has terminated.
Mono: successfully reloaded assembly
- Completed reload, in  1.213 seconds
Platform modules already initialized, skipping
Refreshing native plugins compatible for Editor in 0.37 ms, found 1 plugins.
Preloading 0 native plugins for Editor in 0.00 ms.
Unloading 13 Unused Serialized files (Serialized files now loaded: 0)
System memory in use before: 54.2 MB.
System memory in use after: 54.2 MB.

Unloading 12 unused Assets to reduce memory usage. Loaded Objects now: 2270.
Total: 2.852100 ms (FindLiveObjects: 0.515400 ms CreateObjectMapping: 0.090800 ms MarkObjects: 2.139400 ms  DeleteObjects: 0.103600 ms)

========================================================================
Received Import Request.
  Time since last request: 99.391132 seconds.
  path: Assets/Scripts/Player Scripts/PlayerMovement.cs
  artifactKey: Guid(2febd1b4dbe41514a9a2ec9de316a095) Importer(815301076,1909f56bfc062723c751e8b465ee728b)
Start importing Assets/Scripts/Player Scripts/PlayerMovement.cs using Guid(2febd1b4dbe41514a9a2ec9de316a095) Importer(815301076,1909f56bfc062723c751e8b465ee728b)  -> (artifact id: 'e072b437d51d6ecb164695be57d0728e') in 0.011430 seconds
  Import took 0.017207 seconds .

========================================================================
Received Import Request.
  Time since last request: 1.342787 seconds.
  path: Assets/Scripts/Grammar Recogniser/GameGrammar.cs
  artifactKey: Guid(d983733ce3c57c84093230f9c7b60275) Importer(815301076,1909f56bfc062723c751e8b465ee728b)
Start importing Assets/Scripts/Grammar Recogniser/GameGrammar.cs using Guid(d983733ce3c57c84093230f9c7b60275) Importer(815301076,1909f56bfc062723c751e8b465ee728b)  -> (artifact id: 'f76db25de618ead8ee724bf5afa984fa') in 0.009955 seconds
  Import took 0.015435 seconds .

========================================================================
Received Import Request.
  Time since last request: 0.000381 seconds.
  path: Assets/Scripts/Grammar Recogniser/MenuGrammar.cs
  artifactKey: Guid(1e511bb0afdd8c543bcb7728f698b2cb) Importer(815301076,1909f56bfc062723c751e8b465ee728b)
Start importing Assets/Scripts/Grammar Recogniser/MenuGrammar.cs using Guid(1e511bb0afdd8c543bcb7728f698b2cb) Importer(815301076,1909f56bfc062723c751e8b465ee728b)  -> (artifact id: '2ba6ab8863bfe62843d0018a2b1f4082') in 0.014059 seconds
  Import took 0.018976 seconds .

========================================================================
Received Import Request.
  Time since last request: 2.367476 seconds.
  path: Assets/Scripts/Game Scripts/CoinTile.cs
  artifactKey: Guid(bbd2fb059ec8ece47b9e720302c8ab7c) Importer(815301076,1909f56bfc062723c751e8b465ee728b)
Start importing Assets/Scripts/Game Scripts/CoinTile.cs using Guid(bbd2fb059ec8ece47b9e720302c8ab7c) Importer(815301076,1909f56bfc062723c751e8b465ee728b)  -> (artifact id: '51aa8f9ba935b50edd767391c36b74c2') in 0.011275 seconds
  Import took 0.018032 seconds .

========================================================================
Received Import Request.
  Time since last request: 0.000442 seconds.
  path: Assets/Scripts/Game Scripts/PipeControl.cs
  artifactKey: Guid(4eb1a996ac2051f40a2b5b9a08748078) Importer(815301076,1909f56bfc062723c751e8b465ee728b)
Start importing Assets/Scripts/Game Scripts/PipeControl.cs using Guid(4eb1a996ac2051f40a2b5b9a08748078) Importer(815301076,1909f56bfc062723c751e8b465ee728b)  -> (artifact id: 'f22c13f57cd1abf67f9a45a7a2c64f4d') in 0.015585 seconds
  Import took 0.020050 seconds .

========================================================================
Received Import Request.
  Time since last request: 0.000466 seconds.
  path: Assets/Scripts/Game Scripts/WinConditions.cs
  artifactKey: Guid(f5597a7ff885fcf4a800f839b1624930) Importer(815301076,1909f56bfc062723c751e8b465ee728b)
Start importing Assets/Scripts/Game Scripts/WinConditions.cs using Guid(f5597a7ff885fcf4a800f839b1624930) Importer(815301076,1909f56bfc062723c751e8b465ee728b)  -> (artifact id: '83e45de5bd6c46034f2d61863a1d89d2') in 0.017639 seconds
  Import took 0.023921 seconds .

========================================================================
Received Import Request.
  Time since last request: 0.000404 seconds.
  path: Assets/Scripts/Game Scripts/DeathZone.cs
  artifactKey: Guid(358e2651a5ea84346a3d45ef8fdde3f2) Importer(815301076,1909f56bfc062723c751e8b465ee728b)
Start importing Assets/Scripts/Game Scripts/DeathZone.cs using Guid(358e2651a5ea84346a3d45ef8fdde3f2) Importer(815301076,1909f56bfc062723c751e8b465ee728b)  -> (artifact id: 'ca4e4743bcfe0e83a314de08c3dfdbd4') in 0.006678 seconds
  Import took 0.014357 seconds .

========================================================================
Received Import Request.
  Time since last request: 0.000690 seconds.
  path: Assets/Scripts/Game Scripts/PowerUpTile.cs
  artifactKey: Guid(96e414e4a1b71e243a431c5a0719e9d5) Importer(815301076,1909f56bfc062723c751e8b465ee728b)
Start importing Assets/Scripts/Game Scripts/PowerUpTile.cs using Guid(96e414e4a1b71e243a431c5a0719e9d5) Importer(815301076,1909f56bfc062723c751e8b465ee728b)  -> (artifact id: 'dade8c19f3b06a48bef4a32d4a7428d6') in 0.014500 seconds
  Import took 0.019229 seconds .

========================================================================
Received Import Request.
  Time since last request: 5.951537 seconds.
  path: Assets/Scripts/Enemy Scripts/EnemyBehaviour.cs
  artifactKey: Guid(6cb42c7d908bff24a8aadc975ac20df5) Importer(815301076,1909f56bfc062723c751e8b465ee728b)
Start importing Assets/Scripts/Enemy Scripts/EnemyBehaviour.cs using Guid(6cb42c7d908bff24a8aadc975ac20df5) Importer(815301076,1909f56bfc062723c751e8b465ee728b)  -> (artifact id: '888aaf390b1bec85b9aca994b4ae293f') in 0.012353 seconds
  Import took 0.017097 seconds .

========================================================================
Received Import Request.
  Time since last request: 0.000544 seconds.
  path: Assets/Scripts/Enemy Scripts/HandleHit.cs
  artifactKey: Guid(32fd20f9e5bf30f46a28ff1975f0f78b) Importer(815301076,1909f56bfc062723c751e8b465ee728b)
Start importing Assets/Scripts/Enemy Scripts/HandleHit.cs using Guid(32fd20f9e5bf30f46a28ff1975f0f78b) Importer(815301076,1909f56bfc062723c751e8b465ee728b)  -> (artifact id: '089649f4c83a6ba56062116b2a318ae6') in 0.011768 seconds
  Import took 0.016293 seconds .

========================================================================
Received Prepare
Reloading mono domain
Begin MonoManager ReloadAssembly
Registering precompiled unity dll's ...
Register platform support module: C:/Program Files/Unity/Hub/Editor/2020.2.0b7/Editor/Data/PlaybackEngines/WindowsStandaloneSupport/UnityEditor.WindowsStandalone.Extensions.dll
Registered in 0.002126 seconds.
Symbol file LoadedFromMemory doesn't match image C:\Users\Matt\Documents\Unity\G00342591GestureProject\Library\PackageCache\com.unity.ext.nunit@1.0.0\net35\unity-custom\nunit.framework.dll
Native extension for WindowsStandalone target not found
Refreshing native plugins compatible for Editor in 45.42 ms, found 1 plugins.
Preloading 0 native plugins for Editor in 0.00 ms.
Invoked RoslynAnalysisRunner static constructor.
RoslynAnalysisRunner will not be running.
RoslynAnalysisRunner has terminated.
Mono: successfully reloaded assembly
- Completed reload, in  1.382 seconds
Platform modules already initialized, skipping
Registering precompiled user dll's ...
Registered in 0.001236 seconds.
Begin MonoManager ReloadAssembly
Symbol file LoadedFromMemory doesn't match image C:\Users\Matt\Documents\Unity\G00342591GestureProject\Library\PackageCache\com.unity.ext.nunit@1.0.0\net35\unity-custom\nunit.framework.dll
Native extension for WindowsStandalone target not found
Refreshing native plugins compatible for Editor in 0.45 ms, found 1 plugins.
Preloading 0 native plugins for Editor in 0.00 ms.
Invoked RoslynAnalysisRunner static constructor.
RoslynAnalysisRunner will not be running.
RoslynAnalysisRunner has terminated.
Mono: successfully reloaded assembly
- Completed reload, in  1.244 seconds
Platform modules already initialized, skipping
Refreshing native plugins compatible for Editor in 0.37 ms, found 1 plugins.
Preloading 0 native plugins for Editor in 0.00 ms.
Unloading 13 Unused Serialized files (Serialized files now loaded: 0)
System memory in use before: 54.3 MB.
System memory in use after: 54.3 MB.

Unloading 12 unused Assets to reduce memory usage. Loaded Objects now: 2275.
Total: 3.775600 ms (FindLiveObjects: 0.758900 ms CreateObjectMapping: 0.140500 ms MarkObjects: 2.754400 ms  DeleteObjects: 0.118700 ms)

========================================================================
Received Import Request.
  Time since last request: 879.325504 seconds.
  path: Assets/Scripts/Background Scrip/BackgroundRepeater.cs
  artifactKey: Guid(8b0109fa36f26894fbba96706e6f3779) Importer(815301076,1909f56bfc062723c751e8b465ee728b)
Start importing Assets/Scripts/Background Scrip/BackgroundRepeater.cs using Guid(8b0109fa36f26894fbba96706e6f3779) Importer(815301076,1909f56bfc062723c751e8b465ee728b)  -> (artifact id: '4b6e946b1f26f75aab8a894e5f154b76') in 0.006651 seconds
  Import took 0.011228 seconds .

========================================================================
Received Prepare
Reloading mono domain
Begin MonoManager ReloadAssembly
Registering precompiled unity dll's ...
Register platform support module: C:/Program Files/Unity/Hub/Editor/2020.2.0b7/Editor/Data/PlaybackEngines/WindowsStandaloneSupport/UnityEditor.WindowsStandalone.Extensions.dll
Registered in 0.002172 seconds.
Symbol file LoadedFromMemory doesn't match image C:\Users\Matt\Documents\Unity\G00342591GestureProject\Library\PackageCache\com.unity.ext.nunit@1.0.0\net35\unity-custom\nunit.framework.dll
Native extension for WindowsStandalone target not found
Refreshing native plugins compatible for Editor in 51.28 ms, found 1 plugins.
Preloading 0 native plugins for Editor in 0.00 ms.
Invoked RoslynAnalysisRunner static constructor.
RoslynAnalysisRunner will not be running.
RoslynAnalysisRunner has terminated.
Mono: successfully reloaded assembly
- Completed reload, in  1.589 seconds
Platform modules already initialized, skipping
Registering precompiled user dll's ...
Registered in 0.002025 seconds.
Begin MonoManager ReloadAssembly
Symbol file LoadedFromMemory doesn't match image C:\Users\Matt\Documents\Unity\G00342591GestureProject\Library\PackageCache\com.unity.ext.nunit@1.0.0\net35\unity-custom\nunit.framework.dll
Native extension for WindowsStandalone target not found
Refreshing native plugins compatible for Editor in 0.39 ms, found 1 plugins.
Preloading 0 native plugins for Editor in 0.00 ms.
Invoked RoslynAnalysisRunner static constructor.
RoslynAnalysisRunner will not be running.
RoslynAnalysisRunner has terminated.
Mono: successfully reloaded assembly
- Completed reload, in  1.666 seconds
Platform modules already initialized, skipping
Refreshing native plugins compatible for Editor in 0.43 ms, found 1 plugins.
Preloading 0 native plugins for Editor in 0.00 ms.
Unloading 13 Unused Serialized files (Serialized files now loaded: 0)
System memory in use before: 54.4 MB.
System memory in use after: 54.4 MB.

Unloading 12 unused Assets to reduce memory usage. Loaded Objects now: 2280.
Total: 3.335500 ms (FindLiveObjects: 0.711000 ms CreateObjectMapping: 0.186900 ms MarkObjects: 2.310100 ms  DeleteObjects: 0.125700 ms)

========================================================================
Received Prepare
Reloading mono domain
Begin MonoManager ReloadAssembly
Registering precompiled unity dll's ...
Register platform support module: C:/Program Files/Unity/Hub/Editor/2020.2.0b7/Editor/Data/PlaybackEngines/WindowsStandaloneSupport/UnityEditor.WindowsStandalone.Extensions.dll
Registered in 0.002169 seconds.
Symbol file LoadedFromMemory doesn't match image C:\Users\Matt\Documents\Unity\G00342591GestureProject\Library\PackageCache\com.unity.ext.nunit@1.0.0\net35\unity-custom\nunit.framework.dll
Native extension for WindowsStandalone target not found
Refreshing native plugins compatible for Editor in 44.76 ms, found 1 plugins.
Preloading 0 native plugins for Editor in 0.00 ms.
Invoked RoslynAnalysisRunner static constructor.
RoslynAnalysisRunner will not be running.
RoslynAnalysisRunner has terminated.
Mono: successfully reloaded assembly
- Completed reload, in  1.540 seconds
Platform modules already initialized, skipping
Registering precompiled user dll's ...
Registered in 0.001212 seconds.
Begin MonoManager ReloadAssembly
Symbol file LoadedFromMemory doesn't match image C:\Users\Matt\Documents\Unity\G00342591GestureProject\Library\PackageCache\com.unity.ext.nunit@1.0.0\net35\unity-custom\nunit.framework.dll
Native extension for WindowsStandalone target not found
Refreshing native plugins compatible for Editor in 0.41 ms, found 1 plugins.
Preloading 0 native plugins for Editor in 0.00 ms.
Invoked RoslynAnalysisRunner static constructor.
RoslynAnalysisRunner will not be running.
RoslynAnalysisRunner has terminated.
Mono: successfully reloaded assembly
- Completed reload, in  1.418 seconds
Platform modules already initialized, skipping
Refreshing native plugins compatible for Editor in 0.44 ms, found 1 plugins.
Preloading 0 native plugins for Editor in 0.00 ms.
Unloading 13 Unused Serialized files (Serialized files now loaded: 0)
System memory in use before: 54.5 MB.
System memory in use after: 54.5 MB.

Unloading 12 unused Assets to reduce memory usage. Loaded Objects now: 2285.
Total: 2.547800 ms (FindLiveObjects: 0.366800 ms CreateObjectMapping: 0.085700 ms MarkObjects: 1.991800 ms  DeleteObjects: 0.101700 ms)

========================================================================
Received Prepare
Reloading mono domain
Begin MonoManager ReloadAssembly
Registering precompiled unity dll's ...
Register platform support module: C:/Program Files/Unity/Hub/Editor/2020.2.0b7/Editor/Data/PlaybackEngines/WindowsStandaloneSupport/UnityEditor.WindowsStandalone.Extensions.dll
Registered in 0.003100 seconds.
Symbol file LoadedFromMemory doesn't match image C:\Users\Matt\Documents\Unity\G00342591GestureProject\Library\PackageCache\com.unity.ext.nunit@1.0.0\net35\unity-custom\nunit.framework.dll
Native extension for WindowsStandalone target not found
Refreshing native plugins compatible for Editor in 46.97 ms, found 1 plugins.
Preloading 0 native plugins for Editor in 0.00 ms.
Invoked RoslynAnalysisRunner static constructor.
RoslynAnalysisRunner will not be running.
RoslynAnalysisRunner has terminated.
Mono: successfully reloaded assembly
- Completed reload, in  1.724 seconds
Platform modules already initialized, skipping
Registering precompiled user dll's ...
Registered in 0.001527 seconds.
Begin MonoManager ReloadAssembly
Symbol file LoadedFromMemory doesn't match image C:\Users\Matt\Documents\Unity\G00342591GestureProject\Library\PackageCache\com.unity.ext.nunit@1.0.0\net35\unity-custom\nunit.framework.dll
Native extension for WindowsStandalone target not found
Refreshing native plugins compatible for Editor in 0.43 ms, found 1 plugins.
Preloading 0 native plugins for Editor in 0.00 ms.
Invoked RoslynAnalysisRunner static constructor.
RoslynAnalysisRunner will not be running.
RoslynAnalysisRunner has terminated.
Mono: successfully reloaded assembly
- Completed reload, in  2.288 seconds
Platform modules already initialized, skipping
Refreshing native plugins compatible for Editor in 1.24 ms, found 1 plugins.
Preloading 0 native plugins for Editor in 0.00 ms.
Unloading 13 Unused Serialized files (Serialized files now loaded: 0)
System memory in use before: 54.6 MB.
System memory in use after: 54.6 MB.

Unloading 12 unused Assets to reduce memory usage. Loaded Objects now: 2290.
Total: 6.741000 ms (FindLiveObjects: 1.521700 ms CreateObjectMapping: 0.907800 ms MarkObjects: 3.844600 ms  DeleteObjects: 0.462100 ms)

========================================================================
Received Prepare
Reloading mono domain
Begin MonoManager ReloadAssembly
Registering precompiled unity dll's ...
Register platform support module: C:/Program Files/Unity/Hub/Editor/2020.2.0b7/Editor/Data/PlaybackEngines/WindowsStandaloneSupport/UnityEditor.WindowsStandalone.Extensions.dll
Registered in 0.002282 seconds.
Symbol file LoadedFromMemory doesn't match image C:\Users\Matt\Documents\Unity\G00342591GestureProject\Library\PackageCache\com.unity.ext.nunit@1.0.0\net35\unity-custom\nunit.framework.dll
Native extension for WindowsStandalone target not found
Refreshing native plugins compatible for Editor in 63.55 ms, found 1 plugins.
Preloading 0 native plugins for Editor in 0.00 ms.
Invoked RoslynAnalysisRunner static constructor.
RoslynAnalysisRunner will not be running.
RoslynAnalysisRunner has terminated.
Mono: successfully reloaded assembly
- Completed reload, in  1.681 seconds
Platform modules already initialized, skipping
Registering precompiled user dll's ...
Registered in 0.001251 seconds.
Begin MonoManager ReloadAssembly
Symbol file LoadedFromMemory doesn't match image C:\Users\Matt\Documents\Unity\G00342591GestureProject\Library\PackageCache\com.unity.ext.nunit@1.0.0\net35\unity-custom\nunit.framework.dll
Native extension for WindowsStandalone target not found
Refreshing native plugins compatible for Editor in 0.40 ms, found 1 plugins.
Preloading 0 native plugins for Editor in 0.00 ms.
Invoked RoslynAnalysisRunner static constructor.
RoslynAnalysisRunner will not be running.
RoslynAnalysisRunner has terminated.
Mono: successfully reloaded assembly
- Completed reload, in  1.627 seconds
Platform modules already initialized, skipping
Refreshing native plugins compatible for Editor in 0.38 ms, found 1 plugins.
Preloading 0 native plugins for Editor in 0.00 ms.
Unloading 13 Unused Serialized files (Serialized files now loaded: 0)
System memory in use before: 54.7 MB.
System memory in use after: 54.7 MB.

Unloading 12 unused Assets to reduce memory usage. Loaded Objects now: 2295.
Total: 4.186500 ms (FindLiveObjects: 0.787600 ms CreateObjectMapping: 0.219600 ms MarkObjects: 2.970200 ms  DeleteObjects: 0.206100 ms)

========================================================================
Received Prepare
Reloading mono domain
Begin MonoManager ReloadAssembly
Registering precompiled unity dll's ...
Register platform support module: C:/Program Files/Unity/Hub/Editor/2020.2.0b7/Editor/Data/PlaybackEngines/WindowsStandaloneSupport/UnityEditor.WindowsStandalone.Extensions.dll
Registered in 0.003456 seconds.
Symbol file LoadedFromMemory doesn't match image C:\Users\Matt\Documents\Unity\G00342591GestureProject\Library\PackageCache\com.unity.ext.nunit@1.0.0\net35\unity-custom\nunit.framework.dll
Native extension for WindowsStandalone target not found
Refreshing native plugins compatible for Editor in 45.95 ms, found 1 plugins.
Preloading 0 native plugins for Editor in 0.00 ms.
Invoked RoslynAnalysisRunner static constructor.
RoslynAnalysisRunner will not be running.
RoslynAnalysisRunner has terminated.
Mono: successfully reloaded assembly
- Completed reload, in  2.008 seconds
Platform modules already initialized, skipping
Registering precompiled user dll's ...
Registered in 0.002196 seconds.
Begin MonoManager ReloadAssembly
Symbol file LoadedFromMemory doesn't match image C:\Users\Matt\Documents\Unity\G00342591GestureProject\Library\PackageCache\com.unity.ext.nunit@1.0.0\net35\unity-custom\nunit.framework.dll
Native extension for WindowsStandalone target not found
Refreshing native plugins compatible for Editor in 0.68 ms, found 1 plugins.
Preloading 0 native plugins for Editor in 0.00 ms.
Invoked RoslynAnalysisRunner static constructor.
RoslynAnalysisRunner will not be running.
RoslynAnalysisRunner has terminated.
Mono: successfully reloaded assembly
- Completed reload, in  1.518 seconds
Platform modules already initialized, skipping
Refreshing native plugins compatible for Editor in 0.37 ms, found 1 plugins.
Preloading 0 native plugins for Editor in 0.00 ms.
Unloading 13 Unused Serialized files (Serialized files now loaded: 0)
System memory in use before: 54.8 MB.
System memory in use after: 54.8 MB.

Unloading 12 unused Assets to reduce memory usage. Loaded Objects now: 2300.
Total: 3.664300 ms (FindLiveObjects: 0.713300 ms CreateObjectMapping: 0.304300 ms MarkObjects: 2.519000 ms  DeleteObjects: 0.124000 ms)

========================================================================
Received Prepare
Reloading mono domain
Begin MonoManager ReloadAssembly
Registering precompiled unity dll's ...
Register platform support module: C:/Program Files/Unity/Hub/Editor/2020.2.0b7/Editor/Data/PlaybackEngines/WindowsStandaloneSupport/UnityEditor.WindowsStandalone.Extensions.dll
Registered in 0.002140 seconds.
Symbol file LoadedFromMemory doesn't match image C:\Users\Matt\Documents\Unity\G00342591GestureProject\Library\PackageCache\com.unity.ext.nunit@1.0.0\net35\unity-custom\nunit.framework.dll
Native extension for WindowsStandalone target not found
Refreshing native plugins compatible for Editor in 50.37 ms, found 1 plugins.
Preloading 0 native plugins for Editor in 0.00 ms.
Invoked RoslynAnalysisRunner static constructor.
RoslynAnalysisRunner will not be running.
RoslynAnalysisRunner has terminated.
Mono: successfully reloaded assembly
- Completed reload, in  1.764 seconds
Platform modules already initialized, skipping
Registering precompiled user dll's ...
Registered in 0.002626 seconds.
Begin MonoManager ReloadAssembly
Symbol file LoadedFromMemory doesn't match image C:\Users\Matt\Documents\Unity\G00342591GestureProject\Library\PackageCache\com.unity.ext.nunit@1.0.0\net35\unity-custom\nunit.framework.dll
Native extension for WindowsStandalone target not found
Refreshing native plugins compatible for Editor in 0.41 ms, found 1 plugins.
Preloading 0 native plugins for Editor in 0.00 ms.
Invoked RoslynAnalysisRunner static constructor.
RoslynAnalysisRunner will not be running.
RoslynAnalysisRunner has terminated.
Mono: successfully reloaded assembly
- Completed reload, in  1.736 seconds
Platform modules already initialized, skipping
Refreshing native plugins compatible for Editor in 0.42 ms, found 1 plugins.
Preloading 0 native plugins for Editor in 0.00 ms.
Unloading 13 Unused Serialized files (Serialized files now loaded: 0)
System memory in use before: 54.9 MB.
System memory in use after: 54.9 MB.

Unloading 12 unused Assets to reduce memory usage. Loaded Objects now: 2305.
Total: 3.040500 ms (FindLiveObjects: 0.760100 ms CreateObjectMapping: 0.198700 ms MarkObjects: 1.975000 ms  DeleteObjects: 0.104600 ms)

========================================================================
Received Prepare
Reloading mono domain
Begin MonoManager ReloadAssembly
Registering precompiled unity dll's ...
Register platform support module: C:/Program Files/Unity/Hub/Editor/2020.2.0b7/Editor/Data/PlaybackEngines/WindowsStandaloneSupport/UnityEditor.WindowsStandalone.Extensions.dll
Registered in 0.002224 seconds.
Symbol file LoadedFromMemory doesn't match image C:\Users\Matt\Documents\Unity\G00342591GestureProject\Library\PackageCache\com.unity.ext.nunit@1.0.0\net35\unity-custom\nunit.framework.dll
Native extension for WindowsStandalone target not found
Refreshing native plugins compatible for Editor in 49.43 ms, found 1 plugins.
Preloading 0 native plugins for Editor in 0.00 ms.
Invoked RoslynAnalysisRunner static constructor.
RoslynAnalysisRunner will not be running.
RoslynAnalysisRunner has terminated.
Mono: successfully reloaded assembly
- Completed reload, in  1.842 seconds
Platform modules already initialized, skipping
Registering precompiled user dll's ...
Registered in 0.001256 seconds.
Begin MonoManager ReloadAssembly
Symbol file LoadedFromMemory doesn't match image C:\Users\Matt\Documents\Unity\G00342591GestureProject\Library\PackageCache\com.unity.ext.nunit@1.0.0\net35\unity-custom\nunit.framework.dll
Native extension for WindowsStandalone target not found
Refreshing native plugins compatible for Editor in 0.36 ms, found 1 plugins.
Preloading 0 native plugins for Editor in 0.00 ms.
Invoked RoslynAnalysisRunner static constructor.
RoslynAnalysisRunner will not be running.
RoslynAnalysisRunner has terminated.
Mono: successfully reloaded assembly
- Completed reload, in  1.795 seconds
Platform modules already initialized, skipping
Refreshing native plugins compatible for Editor in 0.44 ms, found 1 plugins.
Preloading 0 native plugins for Editor in 0.00 ms.
Unloading 13 Unused Serialized files (Serialized files now loaded: 0)
System memory in use before: 54.9 MB.
System memory in use after: 54.9 MB.

Unloading 12 unused Assets to reduce memory usage. Loaded Objects now: 2310.
Total: 3.019100 ms (FindLiveObjects: 0.501300 ms CreateObjectMapping: 0.186700 ms MarkObjects: 2.224900 ms  DeleteObjects: 0.104600 ms)

========================================================================
Received Prepare
Reloading mono domain
Begin MonoManager ReloadAssembly
Registering precompiled unity dll's ...
Register platform support module: C:/Program Files/Unity/Hub/Editor/2020.2.0b7/Editor/Data/PlaybackEngines/WindowsStandaloneSupport/UnityEditor.WindowsStandalone.Extensions.dll
Registered in 0.003873 seconds.
Symbol file LoadedFromMemory doesn't match image C:\Users\Matt\Documents\Unity\G00342591GestureProject\Library\PackageCache\com.unity.ext.nunit@1.0.0\net35\unity-custom\nunit.framework.dll
Native extension for WindowsStandalone target not found
Refreshing native plugins compatible for Editor in 80.58 ms, found 1 plugins.
Preloading 0 native plugins for Editor in 0.00 ms.
Invoked RoslynAnalysisRunner static constructor.
RoslynAnalysisRunner will not be running.
RoslynAnalysisRunner has terminated.
Mono: successfully reloaded assembly
- Completed reload, in  3.443 seconds
Platform modules already initialized, skipping
Registering precompiled user dll's ...
Registered in 0.001464 seconds.
Begin MonoManager ReloadAssembly
Symbol file LoadedFromMemory doesn't match image C:\Users\Matt\Documents\Unity\G00342591GestureProject\Library\PackageCache\com.unity.ext.nunit@1.0.0\net35\unity-custom\nunit.framework.dll
Native extension for WindowsStandalone target not found
Refreshing native plugins compatible for Editor in 1.04 ms, found 1 plugins.
Preloading 0 native plugins for Editor in 0.00 ms.
Invoked RoslynAnalysisRunner static constructor.
RoslynAnalysisRunner will not be running.
RoslynAnalysisRunner has terminated.
Mono: successfully reloaded assembly
- Completed reload, in  3.795 seconds
Platform modules already initialized, skipping
Refreshing native plugins compatible for Editor in 1.19 ms, found 1 plugins.
Preloading 0 native plugins for Editor in 0.00 ms.
Unloading 13 Unused Serialized files (Serialized files now loaded: 0)
System memory in use before: 55.1 MB.
System memory in use after: 55.1 MB.

Unloading 12 unused Assets to reduce memory usage. Loaded Objects now: 2315.
Total: 4.399400 ms (FindLiveObjects: 1.703700 ms CreateObjectMapping: 0.325900 ms MarkObjects: 2.208800 ms  DeleteObjects: 0.154300 ms)

========================================================================
Received Prepare
Reloading mono domain
Begin MonoManager ReloadAssembly
Registering precompiled unity dll's ...
Register platform support module: C:/Program Files/Unity/Hub/Editor/2020.2.0b7/Editor/Data/PlaybackEngines/WindowsStandaloneSupport/UnityEditor.WindowsStandalone.Extensions.dll
Registered in 0.002748 seconds.
Symbol file LoadedFromMemory doesn't match image C:\Users\Matt\Documents\Unity\G00342591GestureProject\Library\PackageCache\com.unity.ext.nunit@1.0.0\net35\unity-custom\nunit.framework.dll
Native extension for WindowsStandalone target not found
Refreshing native plugins compatible for Editor in 160.15 ms, found 1 plugins.
Preloading 0 native plugins for Editor in 0.00 ms.
Invoked RoslynAnalysisRunner static constructor.
RoslynAnalysisRunner will not be running.
RoslynAnalysisRunner has terminated.
Mono: successfully reloaded assembly
- Completed reload, in  3.676 seconds
Platform modules already initialized, skipping
Registering precompiled user dll's ...
Registered in 0.002967 seconds.
Begin MonoManager ReloadAssembly
Symbol file LoadedFromMemory doesn't match image C:\Users\Matt\Documents\Unity\G00342591GestureProject\Library\PackageCache\com.unity.ext.nunit@1.0.0\net35\unity-custom\nunit.framework.dll
Native extension for WindowsStandalone target not found
Refreshing native plugins compatible for Editor in 0.68 ms, found 1 plugins.
Preloading 0 native plugins for Editor in 0.00 ms.
Invoked RoslynAnalysisRunner static constructor.
RoslynAnalysisRunner will not be running.
RoslynAnalysisRunner has terminated.
Mono: successfully reloaded assembly
- Completed reload, in  3.928 seconds
Platform modules already initialized, skipping
Refreshing native plugins compatible for Editor in 0.64 ms, found 1 plugins.
Preloading 0 native plugins for Editor in 0.00 ms.
Unloading 13 Unused Serialized files (Serialized files now loaded: 0)
System memory in use before: 55.2 MB.
System memory in use after: 55.2 MB.

Unloading 12 unused Assets to reduce memory usage. Loaded Objects now: 2320.
Total: 5.803200 ms (FindLiveObjects: 1.303800 ms CreateObjectMapping: 0.322100 ms MarkObjects: 4.045000 ms  DeleteObjects: 0.129100 ms)

========================================================================
Received Prepare
Reloading mono domain
Begin MonoManager ReloadAssembly
Registering precompiled unity dll's ...
Register platform support module: C:/Program Files/Unity/Hub/Editor/2020.2.0b7/Editor/Data/PlaybackEngines/WindowsStandaloneSupport/UnityEditor.WindowsStandalone.Extensions.dll
Registered in 0.002136 seconds.
Symbol file LoadedFromMemory doesn't match image C:\Users\Matt\Documents\Unity\G00342591GestureProject\Library\PackageCache\com.unity.ext.nunit@1.0.0\net35\unity-custom\nunit.framework.dll
Native extension for WindowsStandalone target not found
Refreshing native plugins compatible for Editor in 52.12 ms, found 1 plugins.
Preloading 0 native plugins for Editor in 0.00 ms.
Invoked RoslynAnalysisRunner static constructor.
RoslynAnalysisRunner will not be running.
RoslynAnalysisRunner has terminated.
Mono: successfully reloaded assembly
- Completed reload, in  2.000 seconds
Platform modules already initialized, skipping
Registering precompiled user dll's ...
Registered in 0.001267 seconds.
Begin MonoManager ReloadAssembly
Symbol file LoadedFromMemory doesn't match image C:\Users\Matt\Documents\Unity\G00342591GestureProject\Library\PackageCache\com.unity.ext.nunit@1.0.0\net35\unity-custom\nunit.framework.dll
Native extension for WindowsStandalone target not found
Refreshing native plugins compatible for Editor in 0.40 ms, found 1 plugins.
Preloading 0 native plugins for Editor in 0.00 ms.
Invoked RoslynAnalysisRunner static constructor.
RoslynAnalysisRunner will not be running.
RoslynAnalysisRunner has terminated.
Mono: successfully reloaded assembly
- Completed reload, in  1.987 seconds
Platform modules already initialized, skipping
Refreshing native plugins compatible for Editor in 0.52 ms, found 1 plugins.
Preloading 0 native plugins for Editor in 0.00 ms.
Unloading 13 Unused Serialized files (Serialized files now loaded: 0)
System memory in use before: 55.3 MB.
System memory in use after: 55.3 MB.

Unloading 12 unused Assets to reduce memory usage. Loaded Objects now: 2325.
Total: 3.229100 ms (FindLiveObjects: 0.815800 ms CreateObjectMapping: 0.134900 ms MarkObjects: 2.170800 ms  DeleteObjects: 0.105200 ms)

========================================================================
Received Prepare
Reloading mono domain
Begin MonoManager ReloadAssembly
Registering precompiled unity dll's ...
Register platform support module: C:/Program Files/Unity/Hub/Editor/2020.2.0b7/Editor/Data/PlaybackEngines/WindowsStandaloneSupport/UnityEditor.WindowsStandalone.Extensions.dll
Registered in 0.002212 seconds.
Symbol file LoadedFromMemory doesn't match image C:\Users\Matt\Documents\Unity\G00342591GestureProject\Library\PackageCache\com.unity.ext.nunit@1.0.0\net35\unity-custom\nunit.framework.dll
Native extension for WindowsStandalone target not found
Refreshing native plugins compatible for Editor in 60.27 ms, found 1 plugins.
Preloading 0 native plugins for Editor in 0.00 ms.
Invoked RoslynAnalysisRunner static constructor.
RoslynAnalysisRunner will not be running.
RoslynAnalysisRunner has terminated.
Mono: successfully reloaded assembly
- Completed reload, in  2.041 seconds
Platform modules already initialized, skipping
Registering precompiled user dll's ...
Registered in 0.001197 seconds.
Begin MonoManager ReloadAssembly
Symbol file LoadedFromMemory doesn't match image C:\Users\Matt\Documents\Unity\G00342591GestureProject\Library\PackageCache\com.unity.ext.nunit@1.0.0\net35\unity-custom\nunit.framework.dll
Native extension for WindowsStandalone target not found
Refreshing native plugins compatible for Editor in 0.36 ms, found 1 plugins.
Preloading 0 native plugins for Editor in 0.00 ms.
Invoked RoslynAnalysisRunner static constructor.
RoslynAnalysisRunner will not be running.
RoslynAnalysisRunner has terminated.
Mono: successfully reloaded assembly
- Completed reload, in  1.912 seconds
Platform modules already initialized, skipping
Refreshing native plugins compatible for Editor in 0.68 ms, found 1 plugins.
Preloading 0 native plugins for Editor in 0.00 ms.
Unloading 13 Unused Serialized files (Serialized files now loaded: 0)
System memory in use before: 55.4 MB.
System memory in use after: 55.4 MB.

Unloading 12 unused Assets to reduce memory usage. Loaded Objects now: 2330.
Total: 3.187000 ms (FindLiveObjects: 0.940100 ms CreateObjectMapping: 0.198300 ms MarkObjects: 1.941800 ms  DeleteObjects: 0.104600 ms)

========================================================================
Received Prepare
Reloading mono domain
Begin MonoManager ReloadAssembly
Registering precompiled unity dll's ...
Register platform support module: C:/Program Files/Unity/Hub/Editor/2020.2.0b7/Editor/Data/PlaybackEngines/WindowsStandaloneSupport/UnityEditor.WindowsStandalone.Extensions.dll
Registered in 0.002193 seconds.
Symbol file LoadedFromMemory doesn't match image C:\Users\Matt\Documents\Unity\G00342591GestureProject\Library\PackageCache\com.unity.ext.nunit@1.0.0\net35\unity-custom\nunit.framework.dll
Native extension for WindowsStandalone target not found
Refreshing native plugins compatible for Editor in 43.11 ms, found 1 plugins.
Preloading 0 native plugins for Editor in 0.00 ms.
Invoked RoslynAnalysisRunner static constructor.
RoslynAnalysisRunner will not be running.
RoslynAnalysisRunner has terminated.
Mono: successfully reloaded assembly
- Completed reload, in  2.460 seconds
Platform modules already initialized, skipping
Registering precompiled user dll's ...
Registered in 0.001952 seconds.
Begin MonoManager ReloadAssembly
Symbol file LoadedFromMemory doesn't match image C:\Users\Matt\Documents\Unity\G00342591GestureProject\Library\PackageCache\com.unity.ext.nunit@1.0.0\net35\unity-custom\nunit.framework.dll
Native extension for WindowsStandalone target not found
Refreshing native plugins compatible for Editor in 0.42 ms, found 1 plugins.
Preloading 0 native plugins for Editor in 0.00 ms.
Invoked RoslynAnalysisRunner static constructor.
RoslynAnalysisRunner will not be running.
RoslynAnalysisRunner has terminated.
Mono: successfully reloaded assembly
- Completed reload, in  2.418 seconds
Platform modules already initialized, skipping
Refreshing native plugins compatible for Editor in 0.64 ms, found 1 plugins.
Preloading 0 native plugins for Editor in 0.00 ms.
Unloading 13 Unused Serialized files (Serialized files now loaded: 0)
System memory in use before: 55.4 MB.
System memory in use after: 55.4 MB.

Unloading 12 unused Assets to reduce memory usage. Loaded Objects now: 2335.
Total: 4.205000 ms (FindLiveObjects: 1.085800 ms CreateObjectMapping: 0.227800 ms MarkObjects: 2.710600 ms  DeleteObjects: 0.178300 ms)

========================================================================
Received Import Request.
  Time since last request: 2266.353727 seconds.
  path: Assets/Scripts/Background Script
  artifactKey: Guid(2f47e7befb99496459c08cada60c723f) Importer(815301076,1909f56bfc062723c751e8b465ee728b)
Start importing Assets/Scripts/Background Script using Guid(2f47e7befb99496459c08cada60c723f) Importer(815301076,1909f56bfc062723c751e8b465ee728b)  -> (artifact id: '46139bfeddcf38aa54b0b8d4d4a8679d') in 0.011790 seconds
  Import took 0.016680 seconds .

========================================================================
Received Import Request.
  Time since last request: 2.665818 seconds.
  path: Assets/Scripts/Enemy Scripts/HandleHit.cs
  artifactKey: Guid(32fd20f9e5bf30f46a28ff1975f0f78b) Importer(815301076,1909f56bfc062723c751e8b465ee728b)
Start importing Assets/Scripts/Enemy Scripts/HandleHit.cs using Guid(32fd20f9e5bf30f46a28ff1975f0f78b) Importer(815301076,1909f56bfc062723c751e8b465ee728b)  -> (artifact id: '87596cfe9722fd2b6736c89bcc88e4a2') in 0.009184 seconds
  Import took 0.014720 seconds .

========================================================================
Received Import Request.
  Time since last request: 0.639118 seconds.
  path: Assets/Scripts/Game Scripts/CoinTile.cs
  artifactKey: Guid(bbd2fb059ec8ece47b9e720302c8ab7c) Importer(815301076,1909f56bfc062723c751e8b465ee728b)
Start importing Assets/Scripts/Game Scripts/CoinTile.cs using Guid(bbd2fb059ec8ece47b9e720302c8ab7c) Importer(815301076,1909f56bfc062723c751e8b465ee728b)  -> (artifact id: '183e8c58a2a77a85c9a9235ecbd0b01b') in 0.036380 seconds
  Import took 0.041902 seconds .

========================================================================
Received Import Request.
  Time since last request: 0.000452 seconds.
  path: Assets/Scripts/Game Scripts/PipeControl.cs
  artifactKey: Guid(4eb1a996ac2051f40a2b5b9a08748078) Importer(815301076,1909f56bfc062723c751e8b465ee728b)
Start importing Assets/Scripts/Game Scripts/PipeControl.cs using Guid(4eb1a996ac2051f40a2b5b9a08748078) Importer(815301076,1909f56bfc062723c751e8b465ee728b)  -> (artifact id: 'e299ef83acb3e5d83d0b1fd8770a894c') in 0.005187 seconds
  Import took 0.009490 seconds .

========================================================================
Received Import Request.
  Time since last request: 0.000421 seconds.
  path: Assets/Scripts/Game Scripts/PowerUpTile.cs
  artifactKey: Guid(96e414e4a1b71e243a431c5a0719e9d5) Importer(815301076,1909f56bfc062723c751e8b465ee728b)
Start importing Assets/Scripts/Game Scripts/PowerUpTile.cs using Guid(96e414e4a1b71e243a431c5a0719e9d5) Importer(815301076,1909f56bfc062723c751e8b465ee728b)  -> (artifact id: '48416fff99cb68666c495a2ad3189f4a') in 0.011186 seconds
  Import took 0.016171 seconds .

========================================================================
Received Import Request.
  Time since last request: 0.000440 seconds.
  path: Assets/Scripts/Game Scripts/PipeControl.cs
  artifactKey: Guid(4eb1a996ac2051f40a2b5b9a08748078) Importer(815301076,1909f56bfc062723c751e8b465ee728b)
Start importing Assets/Scripts/Game Scripts/PipeControl.cs using Guid(4eb1a996ac2051f40a2b5b9a08748078) Importer(815301076,1909f56bfc062723c751e8b465ee728b)  -> (artifact id: 'e299ef83acb3e5d83d0b1fd8770a894c') in 0.007491 seconds
  Import took 0.015655 seconds .

========================================================================
Received Import Request.
  Time since last request: 0.000410 seconds.
  path: Assets/Scripts/Game Scripts/CoinTile.cs
  artifactKey: Guid(bbd2fb059ec8ece47b9e720302c8ab7c) Importer(815301076,1909f56bfc062723c751e8b465ee728b)
Start importing Assets/Scripts/Game Scripts/CoinTile.cs using Guid(bbd2fb059ec8ece47b9e720302c8ab7c) Importer(815301076,1909f56bfc062723c751e8b465ee728b)  -> (artifact id: '183e8c58a2a77a85c9a9235ecbd0b01b') in 0.005654 seconds
  Import took 0.012126 seconds .

AssetImportWorkerClient::OnTransportError - code=2 error=End of file
